<?xml version="1.0" encoding="UTF-8"?>
<testsuite xmlns:xsi="http://www.w3.org/2001/XMLSchema-instance" xsi:noNamespaceSchemaLocation="https://maven.apache.org/surefire/maven-surefire-plugin/xsd/surefire-test-report-3.0.xsd" version="3.0" name="TestSuite" time="0.61" tests="11" errors="0" skipped="7" failures="4">
  <properties>
    <property name="java.specification.version" value="13"/>
    <property name="sun.jnu.encoding" value="UTF-8"/>
    <property name="java.class.path" value="/Users/sbhuiyan/Desktop/WebAutomationFramwork_WeekDaysEvening_SeleniumDecember2019/WebAutomationFramwork_WeekDaysEvening_SeleniumDecember2019/Amazon/target/test-classes:/Users/sbhuiyan/Desktop/WebAutomationFramwork_WeekDaysEvening_SeleniumDecember2019/WebAutomationFramwork_WeekDaysEvening_SeleniumDecember2019/Amazon/target/classes:/Users/sbhuiyan/.m2/repository/com/piit/Generic/1.0-SNAPSHOT/Generic-1.0-SNAPSHOT.jar:/Users/sbhuiyan/.m2/repository/org/seleniumhq/selenium/selenium-java/3.141.59/selenium-java-3.141.59.jar:/Users/sbhuiyan/.m2/repository/org/seleniumhq/selenium/selenium-api/3.141.59/selenium-api-3.141.59.jar:/Users/sbhuiyan/.m2/repository/org/seleniumhq/selenium/selenium-chrome-driver/3.141.59/selenium-chrome-driver-3.141.59.jar:/Users/sbhuiyan/.m2/repository/org/seleniumhq/selenium/selenium-edge-driver/3.141.59/selenium-edge-driver-3.141.59.jar:/Users/sbhuiyan/.m2/repository/org/seleniumhq/selenium/selenium-firefox-driver/3.141.59/selenium-firefox-driver-3.141.59.jar:/Users/sbhuiyan/.m2/repository/org/seleniumhq/selenium/selenium-ie-driver/3.141.59/selenium-ie-driver-3.141.59.jar:/Users/sbhuiyan/.m2/repository/org/seleniumhq/selenium/selenium-opera-driver/3.141.59/selenium-opera-driver-3.141.59.jar:/Users/sbhuiyan/.m2/repository/org/seleniumhq/selenium/selenium-remote-driver/3.141.59/selenium-remote-driver-3.141.59.jar:/Users/sbhuiyan/.m2/repository/org/seleniumhq/selenium/selenium-safari-driver/3.141.59/selenium-safari-driver-3.141.59.jar:/Users/sbhuiyan/.m2/repository/org/seleniumhq/selenium/selenium-support/3.141.59/selenium-support-3.141.59.jar:/Users/sbhuiyan/.m2/repository/net/bytebuddy/byte-buddy/1.8.15/byte-buddy-1.8.15.jar:/Users/sbhuiyan/.m2/repository/org/apache/commons/commons-exec/1.3/commons-exec-1.3.jar:/Users/sbhuiyan/.m2/repository/com/google/guava/guava/25.0-jre/guava-25.0-jre.jar:/Users/sbhuiyan/.m2/repository/com/google/code/findbugs/jsr305/1.3.9/jsr305-1.3.9.jar:/Users/sbhuiyan/.m2/repository/org/checkerframework/checker-compat-qual/2.0.0/checker-compat-qual-2.0.0.jar:/Users/sbhuiyan/.m2/repository/com/google/errorprone/error_prone_annotations/2.1.3/error_prone_annotations-2.1.3.jar:/Users/sbhuiyan/.m2/repository/com/google/j2objc/j2objc-annotations/1.1/j2objc-annotations-1.1.jar:/Users/sbhuiyan/.m2/repository/org/codehaus/mojo/animal-sniffer-annotations/1.14/animal-sniffer-annotations-1.14.jar:/Users/sbhuiyan/.m2/repository/com/squareup/okhttp3/okhttp/3.11.0/okhttp-3.11.0.jar:/Users/sbhuiyan/.m2/repository/com/squareup/okio/okio/1.14.0/okio-1.14.0.jar:/Users/sbhuiyan/.m2/repository/org/seleniumhq/selenium/selenium-server/3.141.59/selenium-server-3.141.59.jar:/Users/sbhuiyan/.m2/repository/com/beust/jcommander/1.72/jcommander-1.72.jar:/Users/sbhuiyan/.m2/repository/net/jcip/jcip-annotations/1.0/jcip-annotations-1.0.jar:/Users/sbhuiyan/.m2/repository/org/seleniumhq/selenium/jetty-repacked/9.4.12.v20180830/jetty-repacked-9.4.12.v20180830.jar:/Users/sbhuiyan/.m2/repository/javax/servlet/javax.servlet-api/3.1.0/javax.servlet-api-3.1.0.jar:/Users/sbhuiyan/.m2/repository/org/yaml/snakeyaml/1.19/snakeyaml-1.19.jar:/Users/sbhuiyan/.m2/repository/org/testng/testng/7.1.0/testng-7.1.0.jar:/Users/sbhuiyan/.m2/repository/com/google/inject/guice/4.1.0/guice-4.1.0-no_aop.jar:/Users/sbhuiyan/.m2/repository/javax/inject/javax.inject/1/javax.inject-1.jar:/Users/sbhuiyan/.m2/repository/aopalliance/aopalliance/1.0/aopalliance-1.0.jar:/Users/sbhuiyan/.m2/repository/org/mongodb/mongo-java-driver/3.6.0-beta1/mongo-java-driver-3.6.0-beta1.jar:/Users/sbhuiyan/.m2/repository/mysql/mysql-connector-java/8.0.17/mysql-connector-java-8.0.17.jar:/Users/sbhuiyan/.m2/repository/com/google/protobuf/protobuf-java/3.6.1/protobuf-java-3.6.1.jar:/Users/sbhuiyan/.m2/repository/org/apache/poi/poi/3.17/poi-3.17.jar:/Users/sbhuiyan/.m2/repository/commons-codec/commons-codec/1.10/commons-codec-1.10.jar:/Users/sbhuiyan/.m2/repository/org/apache/commons/commons-collections4/4.1/commons-collections4-4.1.jar:/Users/sbhuiyan/.m2/repository/org/apache/poi/poi-ooxml/3.17/poi-ooxml-3.17.jar:/Users/sbhuiyan/.m2/repository/org/apache/poi/poi-ooxml-schemas/3.17/poi-ooxml-schemas-3.17.jar:/Users/sbhuiyan/.m2/repository/org/apache/xmlbeans/xmlbeans/2.6.0/xmlbeans-2.6.0.jar:/Users/sbhuiyan/.m2/repository/stax/stax-api/1.0.1/stax-api-1.0.1.jar:/Users/sbhuiyan/.m2/repository/com/github/virtuald/curvesapi/1.04/curvesapi-1.04.jar:/Users/sbhuiyan/.m2/repository/com/aventstack/extentreports/4.0.9/extentreports-4.0.9.jar:/Users/sbhuiyan/.m2/repository/org/freemarker/freemarker/2.3.23/freemarker-2.3.23.jar:/Users/sbhuiyan/.m2/repository/org/mongodb/mongodb-driver/3.3.0/mongodb-driver-3.3.0.jar:/Users/sbhuiyan/.m2/repository/org/mongodb/mongodb-driver-core/3.3.0/mongodb-driver-core-3.3.0.jar:/Users/sbhuiyan/.m2/repository/org/mongodb/bson/3.3.0/bson-3.3.0.jar:/Users/sbhuiyan/.m2/repository/org/apache/httpcomponents/httpclient/4.5.2/httpclient-4.5.2.jar:/Users/sbhuiyan/.m2/repository/org/apache/httpcomponents/httpcore/4.4.4/httpcore-4.4.4.jar:/Users/sbhuiyan/.m2/repository/commons-logging/commons-logging/1.2/commons-logging-1.2.jar:/Users/sbhuiyan/.m2/repository/org/apache/httpcomponents/httpmime/4.5.2/httpmime-4.5.2.jar:/Users/sbhuiyan/.m2/repository/com/google/code/gson/gson/2.8.5/gson-2.8.5.jar:/Users/sbhuiyan/.m2/repository/com/relevantcodes/extentreports/2.41.2/extentreports-2.41.2.jar:/Users/sbhuiyan/.m2/repository/org/jsoup/jsoup/1.8.3/jsoup-1.8.3.jar:/Users/sbhuiyan/.m2/repository/org/xerial/sqlite-jdbc/3.8.11.1/sqlite-jdbc-3.8.11.1.jar:/Users/sbhuiyan/.m2/repository/org/apache/commons/commons-lang3/3.0/commons-lang3-3.0.jar:/Users/sbhuiyan/.m2/repository/commons-io/commons-io/2.5/commons-io-2.5.jar:"/>
    <property name="java.vm.vendor" value="Oracle Corporation"/>
    <property name="sun.arch.data.model" value="64"/>
    <property name="java.vendor.url" value="https://java.oracle.com/"/>
    <property name="os.name" value="Mac OS X"/>
    <property name="java.vm.specification.version" value="13"/>
    <property name="sun.java.launcher" value="SUN_STANDARD"/>
    <property name="user.country" value="US"/>
    <property name="sun.boot.library.path" value="/Library/Java/JavaVirtualMachines/jdk-13.0.1.jdk/Contents/Home/lib"/>
    <property name="sun.java.command" value="/Users/sbhuiyan/Desktop/WebAutomationFramwork_WeekDaysEvening_SeleniumDecember2019/WebAutomationFramwork_WeekDaysEvening_SeleniumDecember2019/Amazon/target/surefire/surefirebooter17680664577684708317.jar /Users/sbhuiyan/Desktop/WebAutomationFramwork_WeekDaysEvening_SeleniumDecember2019/WebAutomationFramwork_WeekDaysEvening_SeleniumDecember2019/Amazon/target/surefire 2020-02-02T15-15-52_476-jvmRun1 surefire746615808284558765tmp surefire_01754992376100945376tmp"/>
    <property name="http.nonProxyHosts" value="local|*.local|169.254/16|*.169.254/16"/>
    <property name="jdk.debug" value="release"/>
    <property name="surefire.test.class.path" value="/Users/sbhuiyan/Desktop/WebAutomationFramwork_WeekDaysEvening_SeleniumDecember2019/WebAutomationFramwork_WeekDaysEvening_SeleniumDecember2019/Amazon/target/test-classes:/Users/sbhuiyan/Desktop/WebAutomationFramwork_WeekDaysEvening_SeleniumDecember2019/WebAutomationFramwork_WeekDaysEvening_SeleniumDecember2019/Amazon/target/classes:/Users/sbhuiyan/.m2/repository/com/piit/Generic/1.0-SNAPSHOT/Generic-1.0-SNAPSHOT.jar:/Users/sbhuiyan/.m2/repository/org/seleniumhq/selenium/selenium-java/3.141.59/selenium-java-3.141.59.jar:/Users/sbhuiyan/.m2/repository/org/seleniumhq/selenium/selenium-api/3.141.59/selenium-api-3.141.59.jar:/Users/sbhuiyan/.m2/repository/org/seleniumhq/selenium/selenium-chrome-driver/3.141.59/selenium-chrome-driver-3.141.59.jar:/Users/sbhuiyan/.m2/repository/org/seleniumhq/selenium/selenium-edge-driver/3.141.59/selenium-edge-driver-3.141.59.jar:/Users/sbhuiyan/.m2/repository/org/seleniumhq/selenium/selenium-firefox-driver/3.141.59/selenium-firefox-driver-3.141.59.jar:/Users/sbhuiyan/.m2/repository/org/seleniumhq/selenium/selenium-ie-driver/3.141.59/selenium-ie-driver-3.141.59.jar:/Users/sbhuiyan/.m2/repository/org/seleniumhq/selenium/selenium-opera-driver/3.141.59/selenium-opera-driver-3.141.59.jar:/Users/sbhuiyan/.m2/repository/org/seleniumhq/selenium/selenium-remote-driver/3.141.59/selenium-remote-driver-3.141.59.jar:/Users/sbhuiyan/.m2/repository/org/seleniumhq/selenium/selenium-safari-driver/3.141.59/selenium-safari-driver-3.141.59.jar:/Users/sbhuiyan/.m2/repository/org/seleniumhq/selenium/selenium-support/3.141.59/selenium-support-3.141.59.jar:/Users/sbhuiyan/.m2/repository/net/bytebuddy/byte-buddy/1.8.15/byte-buddy-1.8.15.jar:/Users/sbhuiyan/.m2/repository/org/apache/commons/commons-exec/1.3/commons-exec-1.3.jar:/Users/sbhuiyan/.m2/repository/com/google/guava/guava/25.0-jre/guava-25.0-jre.jar:/Users/sbhuiyan/.m2/repository/com/google/code/findbugs/jsr305/1.3.9/jsr305-1.3.9.jar:/Users/sbhuiyan/.m2/repository/org/checkerframework/checker-compat-qual/2.0.0/checker-compat-qual-2.0.0.jar:/Users/sbhuiyan/.m2/repository/com/google/errorprone/error_prone_annotations/2.1.3/error_prone_annotations-2.1.3.jar:/Users/sbhuiyan/.m2/repository/com/google/j2objc/j2objc-annotations/1.1/j2objc-annotations-1.1.jar:/Users/sbhuiyan/.m2/repository/org/codehaus/mojo/animal-sniffer-annotations/1.14/animal-sniffer-annotations-1.14.jar:/Users/sbhuiyan/.m2/repository/com/squareup/okhttp3/okhttp/3.11.0/okhttp-3.11.0.jar:/Users/sbhuiyan/.m2/repository/com/squareup/okio/okio/1.14.0/okio-1.14.0.jar:/Users/sbhuiyan/.m2/repository/org/seleniumhq/selenium/selenium-server/3.141.59/selenium-server-3.141.59.jar:/Users/sbhuiyan/.m2/repository/com/beust/jcommander/1.72/jcommander-1.72.jar:/Users/sbhuiyan/.m2/repository/net/jcip/jcip-annotations/1.0/jcip-annotations-1.0.jar:/Users/sbhuiyan/.m2/repository/org/seleniumhq/selenium/jetty-repacked/9.4.12.v20180830/jetty-repacked-9.4.12.v20180830.jar:/Users/sbhuiyan/.m2/repository/javax/servlet/javax.servlet-api/3.1.0/javax.servlet-api-3.1.0.jar:/Users/sbhuiyan/.m2/repository/org/yaml/snakeyaml/1.19/snakeyaml-1.19.jar:/Users/sbhuiyan/.m2/repository/org/testng/testng/7.1.0/testng-7.1.0.jar:/Users/sbhuiyan/.m2/repository/com/google/inject/guice/4.1.0/guice-4.1.0-no_aop.jar:/Users/sbhuiyan/.m2/repository/javax/inject/javax.inject/1/javax.inject-1.jar:/Users/sbhuiyan/.m2/repository/aopalliance/aopalliance/1.0/aopalliance-1.0.jar:/Users/sbhuiyan/.m2/repository/org/mongodb/mongo-java-driver/3.6.0-beta1/mongo-java-driver-3.6.0-beta1.jar:/Users/sbhuiyan/.m2/repository/mysql/mysql-connector-java/8.0.17/mysql-connector-java-8.0.17.jar:/Users/sbhuiyan/.m2/repository/com/google/protobuf/protobuf-java/3.6.1/protobuf-java-3.6.1.jar:/Users/sbhuiyan/.m2/repository/org/apache/poi/poi/3.17/poi-3.17.jar:/Users/sbhuiyan/.m2/repository/commons-codec/commons-codec/1.10/commons-codec-1.10.jar:/Users/sbhuiyan/.m2/repository/org/apache/commons/commons-collections4/4.1/commons-collections4-4.1.jar:/Users/sbhuiyan/.m2/repository/org/apache/poi/poi-ooxml/3.17/poi-ooxml-3.17.jar:/Users/sbhuiyan/.m2/repository/org/apache/poi/poi-ooxml-schemas/3.17/poi-ooxml-schemas-3.17.jar:/Users/sbhuiyan/.m2/repository/org/apache/xmlbeans/xmlbeans/2.6.0/xmlbeans-2.6.0.jar:/Users/sbhuiyan/.m2/repository/stax/stax-api/1.0.1/stax-api-1.0.1.jar:/Users/sbhuiyan/.m2/repository/com/github/virtuald/curvesapi/1.04/curvesapi-1.04.jar:/Users/sbhuiyan/.m2/repository/com/aventstack/extentreports/4.0.9/extentreports-4.0.9.jar:/Users/sbhuiyan/.m2/repository/org/freemarker/freemarker/2.3.23/freemarker-2.3.23.jar:/Users/sbhuiyan/.m2/repository/org/mongodb/mongodb-driver/3.3.0/mongodb-driver-3.3.0.jar:/Users/sbhuiyan/.m2/repository/org/mongodb/mongodb-driver-core/3.3.0/mongodb-driver-core-3.3.0.jar:/Users/sbhuiyan/.m2/repository/org/mongodb/bson/3.3.0/bson-3.3.0.jar:/Users/sbhuiyan/.m2/repository/org/apache/httpcomponents/httpclient/4.5.2/httpclient-4.5.2.jar:/Users/sbhuiyan/.m2/repository/org/apache/httpcomponents/httpcore/4.4.4/httpcore-4.4.4.jar:/Users/sbhuiyan/.m2/repository/commons-logging/commons-logging/1.2/commons-logging-1.2.jar:/Users/sbhuiyan/.m2/repository/org/apache/httpcomponents/httpmime/4.5.2/httpmime-4.5.2.jar:/Users/sbhuiyan/.m2/repository/com/google/code/gson/gson/2.8.5/gson-2.8.5.jar:/Users/sbhuiyan/.m2/repository/com/relevantcodes/extentreports/2.41.2/extentreports-2.41.2.jar:/Users/sbhuiyan/.m2/repository/org/jsoup/jsoup/1.8.3/jsoup-1.8.3.jar:/Users/sbhuiyan/.m2/repository/org/xerial/sqlite-jdbc/3.8.11.1/sqlite-jdbc-3.8.11.1.jar:/Users/sbhuiyan/.m2/repository/org/apache/commons/commons-lang3/3.0/commons-lang3-3.0.jar:/Users/sbhuiyan/.m2/repository/commons-io/commons-io/2.5/commons-io-2.5.jar:"/>
    <property name="sun.cpu.endian" value="little"/>
    <property name="user.home" value="/Users/sbhuiyan"/>
    <property name="user.language" value="en"/>
    <property name="java.specification.vendor" value="Oracle Corporation"/>
    <property name="java.version.date" value="2019-10-15"/>
    <property name="java.home" value="/Library/Java/JavaVirtualMachines/jdk-13.0.1.jdk/Contents/Home"/>
    <property name="file.separator" value="/"/>
    <property name="basedir" value="/Users/sbhuiyan/Desktop/WebAutomationFramwork_WeekDaysEvening_SeleniumDecember2019/WebAutomationFramwork_WeekDaysEvening_SeleniumDecember2019/Amazon"/>
    <property name="java.vm.compressedOopsMode" value="Zero based"/>
    <property name="line.separator" value="&#10;"/>
    <property name="java.specification.name" value="Java Platform API Specification"/>
    <property name="java.vm.specification.vendor" value="Oracle Corporation"/>
    <property name="surefire.real.class.path" value="/Users/sbhuiyan/Desktop/WebAutomationFramwork_WeekDaysEvening_SeleniumDecember2019/WebAutomationFramwork_WeekDaysEvening_SeleniumDecember2019/Amazon/target/surefire/surefirebooter17680664577684708317.jar"/>
    <property name="sun.management.compiler" value="HotSpot 64-Bit Tiered Compilers"/>
    <property name="ftp.nonProxyHosts" value="local|*.local|169.254/16|*.169.254/16"/>
    <property name="java.runtime.version" value="13.0.1+9"/>
    <property name="user.name" value="sbhuiyan"/>
    <property name="path.separator" value=":"/>
    <property name="os.version" value="10.15.2"/>
    <property name="java.runtime.name" value="Java(TM) SE Runtime Environment"/>
    <property name="file.encoding" value="UTF-8"/>
    <property name="java.vm.name" value="Java HotSpot(TM) 64-Bit Server VM"/>
    <property name="localRepository" value="/Users/sbhuiyan/.m2/repository"/>
    <property name="java.vendor.url.bug" value="https://bugreport.java.com/bugreport/"/>
    <property name="java.io.tmpdir" value="/var/folders/2x/vsdp504j6x99zxmlr3vfgl0r0000gn/T/"/>
    <property name="java.version" value="13.0.1"/>
    <property name="user.dir" value="/Users/sbhuiyan/Desktop/WebAutomationFramwork_WeekDaysEvening_SeleniumDecember2019/WebAutomationFramwork_WeekDaysEvening_SeleniumDecember2019/Amazon"/>
    <property name="os.arch" value="x86_64"/>
    <property name="java.vm.specification.name" value="Java Virtual Machine Specification"/>
    <property name="java.library.path" value="/Users/sbhuiyan/Library/Java/Extensions:/Library/Java/Extensions:/Network/Library/Java/Extensions:/System/Library/Java/Extensions:/usr/lib/java:."/>
    <property name="idea.version2019.3.2" value="true"/>
    <property name="java.vm.info" value="mixed mode, sharing"/>
    <property name="java.vendor" value="Oracle Corporation"/>
    <property name="java.vm.version" value="13.0.1+9"/>
    <property name="sun.io.unicode.encoding" value="UnicodeBig"/>
    <property name="socksNonProxyHosts" value="local|*.local|169.254/16|*.169.254/16"/>
    <property name="java.class.version" value="57.0"/>
  </properties>
  <testcase name="testDoSearchForBelt" classname="testhome.TestHomePage" time="0.317">
    <failure message="&#10;Method public void testhome.TestHomePage.testDoSearchForBelt() requires a @DataProvider named : Belt" type="org.testng.TestNGException">org.testng.TestNGException: 

Method public void testhome.TestHomePage.testDoSearchForBelt() requires a @DataProvider named : Belt
</failure>
    <system-out><![CDATA[Extent Report Directory/Users/sbhuiyan/Desktop/WebAutomationFramwork_WeekDaysEvening_SeleniumDecember2019/WebAutomationFramwork_WeekDaysEvening_SeleniumDecember2019/Amazon/target/surefire-reports/html
]]></system-out>
    <system-err><![CDATA[Feb 02, 2020 3:15:53 PM com.relevantcodes.extentreports.ExtentReports loadConfig
WARNING: Unable to perform report configuration. The file /Users/sbhuiyan/Desktop/WebAutomationFramwork_WeekDaysEvening_SeleniumDecember2019/WebAutomationFramwork_WeekDaysEvening_SeleniumDecember2019/Amazon/report-config.xml was not found.
[Utils] [ERROR] [Error] org.testng.TestNGException: 
Method public void testhome.TestHomePage.testDoSearchForBelt() requires a @DataProvider named : Belt
	at org.testng.internal.Parameters.findDataProvider(Parameters.java:563)
	at org.testng.internal.Parameters.handleParameters(Parameters.java:776)
	at org.testng.internal.Parameters.handleParameters(Parameters.java:744)
	at org.testng.internal.ParameterHandler.handleParameters(ParameterHandler.java:59)
	at org.testng.internal.ParameterHandler.createParameters(ParameterHandler.java:38)
	at org.testng.internal.TestInvoker$MethodInvocationAgent.invoke(TestInvoker.java:783)
	at org.testng.internal.TestInvoker.invokeTestMethods(TestInvoker.java:146)
	at org.testng.internal.TestMethodWorker.invokeTestMethods(TestMethodWorker.java:146)
	at org.testng.internal.TestMethodWorker.run(TestMethodWorker.java:128)
	at java.base/java.util.ArrayList.forEach(ArrayList.java:1507)
	at org.testng.TestRunner.privateRun(TestRunner.java:766)
	at org.testng.TestRunner.run(TestRunner.java:587)
	at org.testng.SuiteRunner.runTest(SuiteRunner.java:384)
	at org.testng.SuiteRunner.runSequentially(SuiteRunner.java:378)
	at org.testng.SuiteRunner.privateRun(SuiteRunner.java:337)
	at org.testng.SuiteRunner.run(SuiteRunner.java:286)
	at org.testng.SuiteRunnerWorker.runSuite(SuiteRunnerWorker.java:53)
	at org.testng.SuiteRunnerWorker.run(SuiteRunnerWorker.java:96)
	at org.testng.TestNG.runSuitesSequentially(TestNG.java:1187)
	at org.testng.TestNG.runSuitesLocally(TestNG.java:1109)
	at org.testng.TestNG.runSuites(TestNG.java:1039)
	at org.testng.TestNG.run(TestNG.java:1007)
	at org.apache.maven.surefire.testng.TestNGExecutor.run(TestNGExecutor.java:283)
	at org.apache.maven.surefire.testng.TestNGXmlTestSuite.execute(TestNGXmlTestSuite.java:75)
	at org.apache.maven.surefire.testng.TestNGProvider.invoke(TestNGProvider.java:120)
	at org.apache.maven.surefire.booter.ForkedBooter.invokeProviderInSameClassLoader(ForkedBooter.java:384)
	at org.apache.maven.surefire.booter.ForkedBooter.runSuitesInProcess(ForkedBooter.java:345)
	at org.apache.maven.surefire.booter.ForkedBooter.execute(ForkedBooter.java:126)
	at org.apache.maven.surefire.booter.ForkedBooter.main(ForkedBooter.java:418)

]]></system-err>
  </testcase>
  <testcase name="setUp" classname="testhome.TestHomePage" time="0.351">
    <failure message="The driver is not executable: /Users/sbhuiyan/Desktop/WebAutomationFramwork_WeekDaysEvening_SeleniumDecember2019/WebAutomationFramwork_WeekDaysEvening_SeleniumDecember2019/Amazon/../Generic/BrowserDriver/windows/chromedriver.exe" type="java.lang.IllegalStateException">java.lang.IllegalStateException: The driver is not executable: /Users/sbhuiyan/Desktop/WebAutomationFramwork_WeekDaysEvening_SeleniumDecember2019/WebAutomationFramwork_WeekDaysEvening_SeleniumDecember2019/Amazon/../Generic/BrowserDriver/windows/chromedriver.exe
</failure>
  </testcase>
  <testcase name="setUp" classname="testhome.TestHomePage" time="0">
    <skipped/>
  </testcase>
  <testcase name="startExtent" classname="testhome.TestHomePage" time="0">
    <skipped/>
  </testcase>
  <testcase name="startExtent" classname="testhome.TestHomePage" time="0">
    <skipped/>
  </testcase>
  <testcase name="testDoSearch" classname="testhome.TestHomePage" time="0">
    <skipped message="The driver is not executable: /Users/sbhuiyan/Desktop/WebAutomationFramwork_WeekDaysEvening_SeleniumDecember2019/WebAutomationFramwork_WeekDaysEvening_SeleniumDecember2019/Amazon/../Generic/BrowserDriver/windows/chromedriver.exe"/>
  </testcase>
  <testcase name="afterEachTestMethod" classname="testhome.TestHomePage" time="0">
    <skipped/>
  </testcase>
  <testcase name="afterEachTestMethod" classname="testhome.TestHomePage" time="0">
    <skipped/>
  </testcase>
  <testcase name="cleanUp" classname="testhome.TestHomePage" time="0.001">
    <failure type="java.lang.NullPointerException">java.lang.NullPointerException
</failure>
  </testcase>
  <testcase name="cleanUp" classname="testhome.TestHomePage" time="0.001">
    <failure type="java.lang.NullPointerException">java.lang.NullPointerException
</failure>
  </testcase>
  <testcase name="testDoSearchForTshirt" classname="testhome.TestHomePage" time="0">
    <skipped/>
  </testcase>
</testsuite>