<?xml version="1.0" encoding="UTF-8"?>
<!-- Generated by org.testng.reporters.JUnitReportReporter -->
<testsuite hostname="Shaifurs-MacBook-Pro.local" failures="0" tests="1" name="TestHome.TestHomePage" time="19.307" errors="0" timestamp="2020-02-12T17:36:13 EST" skipped="0">
  <testcase classname="TestHome.TestHomePage" name="testClickOnPhonesButton" time="19.307"/>
  <system-out/>
</testsuite> <!-- TestHome.TestHomePage -->
